<?xml version="1.0" encoding="UTF-8"?>
<!-- Generated by org.testng.reporters.JUnitReportReporter -->
<testsuite hostname="DESKTOP-FVNSSMO" failures="0" tests="1" name="QAlegendTestCases.TestCases" time="37.719" errors="0" timestamp="2024-09-25T17:38:23 IST" skipped="0">
  <testcase classname="QAlegendTestCases.TestCases" name="addSuppliers" time="37.719"/>
</testsuite> <!-- QAlegendTestCases.TestCases -->
