<?xml version="1.0" encoding="UTF-8"?>
<!-- Generated by org.testng.reporters.JUnitReportReporter -->
<testsuite hostname="DESKTOP-FVNSSMO" failures="0" tests="1" name="QAlegendTestCases.TestCases" time="365.626" errors="0" timestamp="2024-09-27T15:04:14 IST" skipped="0">
  <testcase classname="QAlegendTestCases.TestCases" name="addUnits" time="365.626"/>
</testsuite> <!-- QAlegendTestCases.TestCases -->
